[debug] [2022-11-30T07:21:50.386Z] ----------------------------------------------------------------------
[debug] [2022-11-30T07:21:50.388Z] Command:       C:\Program Files\nodejs\node_modules\node.exe C:\Users\User\AppData\Roaming\npm\node_modules\firebase-tools\lib\bin\firebase.js init
[debug] [2022-11-30T07:21:50.389Z] CLI Version:   11.16.1
[debug] [2022-11-30T07:21:50.389Z] Platform:      win32
[debug] [2022-11-30T07:21:50.389Z] Node Version:  v16.15.1
[debug] [2022-11-30T07:21:50.390Z] Time:          Wed Nov 30 2022 13:21:50 GMT+0600 (Bangladesh Standard Time)
[debug] [2022-11-30T07:21:50.391Z] ----------------------------------------------------------------------
[debug] 
[debug] [2022-11-30T07:21:50.400Z] > command requires scopes: ["email","openid","https://www.googleapis.com/auth/cloudplatformprojects.readonly","https://www.googleapis.com/auth/firebase","https://www.googleapis.com/auth/cloud-platform"]
[debug] [2022-11-30T07:21:50.401Z] > authorizing via signed-in user (tahsintasif8@gmail.com)
[info] 
     ######## #### ########  ######## ########     ###     ######  ########
     ##        ##  ##     ## ##       ##     ##  ##   ##  ##       ##
     ######    ##  ########  ######   ########  #########  ######  ######
     ##        ##  ##    ##  ##       ##     ## ##     ##       ## ##
     ##       #### ##     ## ######## ########  ##     ##  ######  ########

You're about to initialize a Firebase project in this directory:

  C:\Users\User\Desktop\Project Instragram\public\Facebook-dev-main

[info] 
=== Project Setup
[info] 
[info] First, let's associate this project directory with a Firebase project.
[info] You can create multiple project aliases by running firebase use --add, 
[info] but for now we'll just set up a default project.
[info] 
[debug] [2022-11-30T07:22:06.060Z] >>> [apiv2][query] GET https://firebase.googleapis.com/v1beta1/projects pageSize=100
[debug] [2022-11-30T07:22:07.099Z] <<< [apiv2][status] GET https://firebase.googleapis.com/v1beta1/projects 200
[debug] [2022-11-30T07:22:07.099Z] <<< [apiv2][body] GET https://firebase.googleapis.com/v1beta1/projects [omitted]
[info] i  Using project facebook-dev-fd330 (FaceBook-dev) 
[info] 
=== Hosting Setup
[info] 
[info] Your public directory is the folder (relative to your project directory) that
[info] will contain Hosting assets to be uploaded with firebase deploy. If you
[info] have a build process for your assets, use your build's output directory.
[info] 
